<?xml version="1.0" encoding="UTF-8"?>
<!-- Generated by org.testng.reporters.JUnitReportReporter -->
<testsuite hostname="LAPTOP-RHEKKJV4" failures="0" tests="1" name="org.techArk.tests.CRUD.ValidateAddAndDeleteData_Functionality" time="1.748" errors="0" timestamp="2024-11-10T16:12:36 EST" skipped="0">
  <testcase classname="org.techArk.tests.CRUD.ValidateAddAndDeleteData_Functionality" name="validateDeleteNonRepoFunctionality" time="1.748"/>
  <system-out/>
</testsuite> <!-- org.techArk.tests.CRUD.ValidateAddAndDeleteData_Functionality -->
